<beans xmlns="http://www.springframework.org/schema/beans" 
       xmlns:xsi="http://www.w3.org/2001/XMLSchema-instance" 
       xmlns:jaxws="http://cxf.apache.org/jaxws" 
       xmlns:jaxrs="http://cxf.apache.org/blueprint/jaxrs"
       xsi:schemaLocation="
http://www.springframework.org/schema/beans http://www.springframework.org/schema/beans/spring-beans.xsd 
http://cxf.apache.org/jaxws                 http://cxf.apache.org/schema/jaxws.xsd 
http://cxf.apache.org/jaxrs                 http://cxf.apache.org/schemas/jaxrs.xsd">
        
    <bean id="configuration" class="org.springframework.beans.factory.config.PropertyPlaceholderConfigurer">
        <property name="locations">
            <list>
                <value>classpath:conf/lazylogin-it.defaults</value>
                <value>file:${user.home}/navidconfig/lazylogin-it.overrides</value>
            </list>
        </property>
        <property name="systemPropertiesModeName" value="SYSTEM_PROPERTIES_MODE_OVERRIDE"/>
        <property name="ignoreResourceNotFound" value="true"/>
        <property name="ignoreUnresolvablePlaceholders" value="false"/>
        <property name="fileEncoding" value="UTF-8" />
    </bean>
    
    <import resource="classpath:META-INF/cxf/cxf.xml" />
     
    <bean id="clientSystem" class="com.lazylogin.client.system.v0.SystemCommands" factory-bean="clientSystemFactory" factory-method="create"/>
    
    <bean id="clientSystemFactory" class="org.apache.cxf.jaxws.JaxWsProxyFactoryBean">
        <property name="serviceClass" value="com.lazylogin.client.system.v0.SystemCommands"/>
        <property name="address" value="${lazylogin.url}/system"/>
        <property name="handlers">
            <list>
                <bean class="com.navid.lazylogin.context.interceptors.RequestIdHandler"/>
            </list>
        </property>
    </bean>
    
    <bean id="clientUser" class="com.lazylogin.client.user.v0.UserCommands" factory-bean="clientUserFactory" factory-method="create"/>
    
    <bean id="clientUserFactory" class="org.apache.cxf.jaxws.JaxWsProxyFactoryBean">
        <property name="serviceClass" value="com.lazylogin.client.user.v0.UserCommands"/>
        <property name="address" value="${lazylogin.url}/user"/>
        <property name="handlers">
            <list>
                <bean class="com.navid.lazylogin.context.interceptors.RequestIdHandler"/>
            </list>
        </property>
    </bean>
    
    <bean id="test.requestContextContainer" class="com.navid.lazylogin.context.RequestContextContainer" />

</beans> 
  
